TN:
SF:script/Demo.s.sol
DA:36,0
FN:36,DemoBase.demoPoolKey
FNDA:0,DemoBase.demoPoolKey
DA:37,0
DA:46,0
FN:46,DemoBase.demoPoolId
FNDA:0,DemoBase.demoPoolId
DA:47,0
DA:53,0
FN:53,DemoRegister.run.0
FNDA:0,DemoRegister.run.0
DA:54,0
DA:55,0
DA:57,0
DA:58,0
DA:60,0
DA:61,0
DA:62,0
DA:63,0
DA:64,0
DA:66,0
DA:67,0
DA:68,0
DA:69,0
DA:70,0
DA:74,0
DA:76,0
DA:77,0
DA:78,0
DA:79,0
DA:80,0
DA:82,0
DA:83,0
DA:84,0
DA:86,0
DA:92,0
FN:92,DemoVerify0.run.1
FNDA:0,DemoVerify0.run.1
DA:93,0
DA:94,0
DA:96,0
DA:97,0
DA:98,0
DA:100,0
DA:101,0
DA:102,0
DA:104,0
DA:110,0
FN:110,DemoVerify1.run.2
FNDA:0,DemoVerify1.run.2
DA:111,0
DA:112,0
DA:114,0
DA:115,0
DA:116,0
DA:118,0
DA:119,0
DA:120,0
DA:122,0
DA:128,0
FN:128,DemoVerify2.run.3
FNDA:0,DemoVerify2.run.3
DA:129,0
DA:130,0
DA:132,0
DA:133,0
DA:134,0
DA:136,0
DA:137,0
DA:138,0
DA:140,0
DA:146,0
FN:146,DemoVerify3.run.4
FNDA:0,DemoVerify3.run.4
DA:147,0
DA:148,0
DA:150,0
DA:151,0
DA:152,0
DA:154,0
DA:155,0
DA:156,0
DA:158,0
DA:164,0
FN:164,DemoQuery.run.5
FNDA:0,DemoQuery.run.5
DA:165,0
DA:166,0
DA:168,0
DA:169,0
DA:171,0
DA:178,0
DA:180,0
DA:181,0
DA:182,0
DA:183,0
DA:184,0
DA:185,0
DA:187,0
DA:188,0
DA:189,0
FNF:8
FNH:0
LF:85
LH:0
BRF:0
BRH:0
end_of_record
TN:
SF:script/DeployHook.s.sol
DA:23,0
FN:23,DeployHookScript.run
FNDA:0,DeployHookScript.run
DA:25,0
DA:32,0
DA:33,0
DA:34,0
DA:36,0
DA:37,0
DA:38,0
DA:39,0
DA:41,0
DA:44,0
DA:45,0
BRDA:45,0,0,-
BRDA:45,0,1,-
DA:48,0
DA:50,0
DA:51,0
DA:53,0
FNF:1
FNH:0
LF:16
LH:0
BRF:2
BRH:0
end_of_record
TN:
SF:script/DeployOracle.s.sol
DA:10,0
FN:10,DeployOracleScript.run
FNDA:0,DeployOracleScript.run
DA:11,0
DA:13,0
DA:14,0
DA:16,0
FNF:1
FNH:0
LF:5
LH:0
BRF:0
BRH:0
end_of_record
TN:
SF:script/DeployReactor.s.sol
DA:20,0
FN:20,DeployReactorScript.run
FNDA:0,DeployReactorScript.run
DA:21,0
DA:22,0
DA:23,0
DA:24,0
DA:26,0
DA:27,0
DA:28,0
DA:29,0
DA:31,0
DA:33,0
DA:40,0
DA:42,0
FNF:1
FNH:0
LF:13
LH:0
BRF:0
BRH:0
end_of_record
TN:
SF:script/PostDeploy.s.sol
DA:20,0
FN:20,PostDeployScript.run
FNDA:0,PostDeployScript.run
DA:21,0
DA:23,0
DA:24,0
DA:26,0
DA:28,0
DA:29,0
DA:31,0
DA:33,0
FNF:1
FNH:0
LF:9
LH:0
BRF:0
BRH:0
end_of_record
TN:
SF:script/RegisterSchema.s.sol
DA:23,0
FN:23,RegisterSchemaScript.run
FNDA:0,RegisterSchemaScript.run
DA:24,0
DA:26,0
DA:27,0
DA:28,0
DA:30,0
DA:33,0
DA:35,0
DA:36,0
DA:39,0
DA:41,0
DA:43,0
FNF:1
FNH:0
LF:12
LH:0
BRF:0
BRH:0
end_of_record
TN:
SF:src/ImpactHook.sol
DA:153,3
FN:153,ImpactHook.onlyPoolManager
FNDA:3,ImpactHook.onlyPoolManager
DA:154,3
BRDA:154,0,0,-
DA:158,4
FN:158,ImpactHook.onlyOwner
FNDA:4,ImpactHook.onlyOwner
DA:159,4
BRDA:159,1,0,1
DA:163,13
FN:163,ImpactHook.nonReentrant
FNDA:13,ImpactHook.nonReentrant
DA:164,0
BRDA:164,2,0,-
DA:165,13
DA:167,9
DA:175,123
FN:175,ImpactHook.constructor
FNDA:123,ImpactHook.constructor
DA:176,123
BRDA:176,3,0,-
DA:177,123
BRDA:177,4,0,-
DA:178,123
DA:179,123
DA:180,123
DA:181,123
DA:182,123
DA:189,123
FN:189,ImpactHook.getHookPermissions
FNDA:123,ImpactHook.getHookPermissions
DA:190,123
DA:217,388
FN:217,ImpactHook.registerProject
FNDA:388,ImpactHook.registerProject
DA:224,387
BRDA:224,5,0,1
DA:225,386
BRDA:225,6,0,1
DA:226,385
BRDA:226,7,0,1
DA:227,384
BRDA:227,8,0,1
DA:229,383
DA:230,1
BRDA:230,9,0,1
DA:233,382
DA:234,752
BRDA:234,10,0,1
DA:237,381
DA:244,381
DA:245,751
DA:252,381
DA:258,381
FN:258,ImpactHook.beforeInitialize
FNDA:381,ImpactHook.beforeInitialize
DA:265,381
DA:266,381
BRDA:266,11,0,1
DA:267,380
DA:272,298
FN:272,ImpactHook.afterSwap
FNDA:298,ImpactHook.afterSwap
DA:280,2
BRDA:280,12,0,2
DA:281,2
DA:284,296
DA:287,296
DA:288,296
BRDA:288,13,0,1
DA:289,1
DA:293,295
DA:294,295
BRDA:294,14,0,-
DA:295,0
DA:302,295
DA:303,295
DA:305,290
BRDA:305,15,0,290
BRDA:305,15,1,5
DA:306,290
DA:307,290
DA:309,5
DA:310,5
DA:314,295
BRDA:314,16,0,-
DA:315,0
DA:319,295
DA:320,295
BRDA:320,17,0,-
DA:321,0
DA:325,295
BRDA:325,18,0,-
DA:328,295
DA:331,295
DA:334,295
DA:335,295
DA:337,295
DA:340,295
DA:349,331
FN:349,ImpactHook.verifyMilestone
FNDA:331,ImpactHook.verifyMilestone
DA:350,331
DA:351,331
DA:353,331
BRDA:353,19,0,-
DA:354,331
BRDA:354,20,0,2
DA:355,329
BRDA:355,21,0,3
DA:356,326
BRDA:356,22,0,-
DA:358,326
DA:359,0
BRDA:359,23,0,-
DA:361,326
DA:364,326
BRDA:364,24,0,67
DA:365,67
DA:368,326
DA:377,7
FN:377,ImpactHook.verifyMilestoneReactive
FNDA:7,ImpactHook.verifyMilestoneReactive
DA:378,7
BRDA:378,25,0,1
DA:380,6
DA:382,6
BRDA:382,26,0,1
DA:383,5
BRDA:383,27,0,1
DA:384,4
BRDA:384,28,0,1
DA:385,3
BRDA:385,29,0,-
DA:387,3
DA:388,0
BRDA:388,30,0,-
DA:390,3
DA:392,3
BRDA:392,31,0,3
DA:393,3
DA:396,3
DA:403,9
FN:403,ImpactHook.verifyMilestoneEAS
FNDA:9,ImpactHook.verifyMilestoneEAS
DA:404,9
DA:405,9
DA:407,9
BRDA:407,32,0,-
DA:410,9
DA:413,9
BRDA:413,33,0,1
DA:414,8
BRDA:414,34,0,1
DA:415,7
BRDA:415,35,0,1
DA:418,6
DA:419,6
DA:422,6
BRDA:422,36,0,1
DA:423,5
BRDA:423,37,0,1
DA:424,4
BRDA:424,38,0,-
DA:426,4
DA:427,0
BRDA:427,39,0,-
DA:429,4
DA:431,4
BRDA:431,40,0,4
DA:432,4
DA:435,4
DA:443,13
FN:443,ImpactHook.withdraw
FNDA:13,ImpactHook.withdraw
DA:444,13
DA:445,13
BRDA:445,41,0,-
DA:446,13
BRDA:446,42,0,2
DA:448,11
DA:449,11
BRDA:449,43,0,2
DA:452,9
DA:455,9
DA:457,9
DA:468,526
FN:468,ImpactHook.donate
FNDA:526,ImpactHook.donate
DA:469,526
DA:470,526
BRDA:470,44,0,1
DA:472,525
DA:474,525
BRDA:474,45,0,260
BRDA:474,45,1,263
DA:476,260
DA:480,265
DA:481,265
DA:482,265
DA:483,263
DA:486,523
BRDA:486,46,0,2
DA:488,521
DA:490,521
DA:491,521
DA:501,9
FN:501,ImpactHook.createTemplate
FNDA:9,ImpactHook.createTemplate
DA:506,8
BRDA:506,47,0,1
DA:507,7
BRDA:507,48,0,-
DA:509,7
DA:510,14
BRDA:510,49,0,1
DA:513,6
DA:514,6
DA:515,6
DA:516,6
DA:517,13
DA:518,13
DA:521,6
DA:529,4
FN:529,ImpactHook.registerProjectFromTemplate
FNDA:4,ImpactHook.registerProjectFromTemplate
DA:535,3
BRDA:535,50,0,-
DA:536,3
BRDA:536,51,0,-
DA:537,3
BRDA:537,52,0,1
DA:539,2
DA:540,1
BRDA:540,53,0,1
DA:542,1
DA:544,1
DA:551,1
DA:552,3
DA:559,1
DA:569,7
FN:569,ImpactHook.setLoyaltyTiers
FNDA:7,ImpactHook.setLoyaltyTiers
DA:574,6
BRDA:574,54,0,-
DA:579,6
DA:580,9
BRDA:580,55,0,1
DA:581,8
BRDA:581,56,0,1
DA:582,7
DA:588,4
DA:598,7
FN:598,ImpactHook.setLpSkimBps
FNDA:7,ImpactHook.setLpSkimBps
DA:599,6
BRDA:599,57,0,1
DA:600,5
DA:601,5
DA:608,125
FN:608,ImpactHook.setCallbackProxy
FNDA:125,ImpactHook.setCallbackProxy
DA:609,124
DA:610,124
DA:615,9
FN:615,ImpactHook.setMilestoneSchema
FNDA:9,ImpactHook.setMilestoneSchema
DA:616,8
DA:622,10
FN:622,ImpactHook.setPaused
FNDA:10,ImpactHook.setPaused
DA:623,9
DA:624,9
DA:629,4
FN:629,ImpactHook.transferOwnership
FNDA:4,ImpactHook.transferOwnership
DA:630,3
BRDA:630,58,0,1
DA:631,2
DA:632,2
DA:636,2
FN:636,ImpactHook.acceptOwnership
FNDA:2,ImpactHook.acceptOwnership
DA:637,2
BRDA:637,59,0,1
DA:638,1
DA:639,1
DA:640,1
DA:649,17
FN:649,ImpactHook.isMilestoneVerified
FNDA:17,ImpactHook.isMilestoneVerified
DA:650,17
BRDA:650,60,0,2
DA:651,15
DA:657,11
FN:657,ImpactHook.getCurrentFeeBps
FNDA:11,ImpactHook.getCurrentFeeBps
DA:658,11
DA:664,2
FN:664,ImpactHook.getMilestoneCount
FNDA:2,ImpactHook.getMilestoneCount
DA:665,2
DA:676,9
FN:676,ImpactHook.getProjectInfo
FNDA:9,ImpactHook.getProjectInfo
DA:688,9
DA:689,9
DA:704,5
FN:704,ImpactHook.getContributorStats
FNDA:5,ImpactHook.getContributorStats
DA:709,5
DA:717,2
FN:717,ImpactHook.getTemplate
FNDA:2,ImpactHook.getTemplate
DA:722,2
BRDA:722,61,0,1
DA:723,1
DA:724,1
DA:731,2
FN:731,ImpactHook.getLoyaltyDiscount
FNDA:2,ImpactHook.getLoyaltyDiscount
DA:736,2
DA:737,2
DA:739,2
DA:740,2
BRDA:740,62,0,1
DA:741,1
DA:744,1
DA:748,3
FN:748,ImpactHook.getLoyaltyTierCount
FNDA:3,ImpactHook.getLoyaltyTierCount
DA:749,3
DA:755,4
FN:755,ImpactHook.updateRecipient
FNDA:4,ImpactHook.updateRecipient
DA:756,4
BRDA:756,63,0,1
DA:757,3
DA:758,3
DA:759,3
BRDA:759,64,0,1
DA:760,2
DA:766,3
FN:766,ImpactHook.updateVerifier
FNDA:3,ImpactHook.updateVerifier
DA:767,3
BRDA:767,65,0,1
DA:768,2
DA:769,2
DA:770,2
BRDA:770,66,0,-
DA:771,2
DA:780,316
FN:780,ImpactHook._getCurrentFeeBps
FNDA:316,ImpactHook._getCurrentFeeBps
DA:781,316
DA:782,316
BRDA:782,67,0,2
DA:784,314
DA:785,314
BRDA:785,68,0,-
DA:788,314
DA:791,258
BRDA:791,69,0,258
DA:792,258
DA:796,56
BRDA:796,70,0,49
DA:797,49
DA:801,7
DA:806,384
FN:806,ImpactHook._skimLpFees
FNDA:384,ImpactHook._skimLpFees
DA:807,384
DA:808,384
DA:811,384
BRDA:811,71,0,382
DA:812,382
DA:815,2
DA:816,2
DA:819,2
DA:820,2
DA:822,2
BRDA:822,72,0,2
DA:823,2
DA:824,2
BRDA:824,73,0,2
DA:825,2
DA:826,2
DA:827,2
DA:831,2
BRDA:831,74,0,2
DA:832,2
DA:833,2
BRDA:833,75,0,2
DA:834,2
DA:835,2
DA:836,2
DA:841,2
DA:845,295
FN:845,ImpactHook._applyLoyaltyDiscount
FNDA:295,ImpactHook._applyLoyaltyDiscount
DA:846,295
DA:847,295
BRDA:847,76,0,293
DA:849,2
DA:850,2
DA:853,2
DA:854,4
BRDA:854,77,0,1
DA:855,1
DA:856,1
DA:860,2
BRDA:860,78,0,1
DA:863,1
DA:864,1
DA:869,0
FN:869,ImpactHook.afterInitialize
FNDA:0,ImpactHook.afterInitialize
DA:875,0
DA:878,0
FN:878,ImpactHook.beforeAddLiquidity
FNDA:0,ImpactHook.beforeAddLiquidity
DA:884,0
DA:889,381
FN:889,ImpactHook.afterAddLiquidity
FNDA:381,ImpactHook.afterAddLiquidity
DA:897,381
DA:900,0
FN:900,ImpactHook.beforeRemoveLiquidity
FNDA:0,ImpactHook.beforeRemoveLiquidity
DA:906,0
DA:911,3
FN:911,ImpactHook.afterRemoveLiquidity
FNDA:3,ImpactHook.afterRemoveLiquidity
DA:919,3
DA:922,0
FN:922,ImpactHook.beforeSwap
FNDA:0,ImpactHook.beforeSwap
DA:928,0
DA:931,0
FN:931,ImpactHook.beforeDonate
FNDA:0,ImpactHook.beforeDonate
DA:937,0
DA:940,0
FN:940,ImpactHook.afterDonate
FNDA:0,ImpactHook.afterDonate
DA:946,0
FNF:43
FNH:37
LF:281
LH:262
BRF:81
BRH:58
end_of_record
TN:
SF:src/MilestoneArbiter.sol
DA:42,3
FN:42,MilestoneArbiter.constructor
FNDA:3,MilestoneArbiter.constructor
DA:43,3
DA:49,3
FN:49,MilestoneArbiter.checkObligation
FNDA:3,MilestoneArbiter.checkObligation
DA:54,3
DA:55,3
FNF:2
FNH:2
LF:5
LH:5
BRF:0
BRH:0
end_of_record
TN:
SF:src/MilestoneOracle.sol
DA:36,5
FN:36,MilestoneOracle.constructor
FNDA:5,MilestoneOracle.constructor
DA:37,5
DA:43,3
FN:43,MilestoneOracle.setAuthorizedSubmitter
FNDA:3,MilestoneOracle.setAuthorizedSubmitter
DA:44,3
BRDA:44,0,0,1
DA:45,2
DA:55,4
FN:55,MilestoneOracle.submitMilestone
FNDA:4,MilestoneOracle.submitMilestone
DA:60,4
BRDA:60,1,0,1
DA:61,1
DA:63,3
FNF:3
FNH:3
LF:9
LH:9
BRF:2
BRH:2
end_of_record
TN:
SF:src/MilestoneReactor.sol
DA:53,3
FN:53,MilestoneReactor.constructor
FNDA:3,MilestoneReactor.constructor
DA:59,3
DA:60,3
DA:61,3
DA:62,3
DA:66,3
BRDA:66,0,0,1
DA:67,1
DA:84,2
FN:84,MilestoneReactor.react
FNDA:2,MilestoneReactor.react
DA:89,1
DA:90,1
DA:95,1
DA:103,1
FNF:2
FNH:2
LF:12
LH:12
BRF:1
BRH:1
end_of_record
TN:
SF:test/utils/HookMiner.sol
DA:14,3
FN:14,HookMiner.find
FNDA:3,HookMiner.find
DA:20,3
DA:21,3
DA:23,3
DA:25,3
DA:26,90687
DA:27,90687
DA:29,90687
BRDA:29,0,0,3
DA:30,3
DA:34,0
DA:38,91205
FN:38,HookMiner.computeAddress
FNDA:91205,HookMiner.computeAddress
DA:43,91205
FNF:2
FNH:2
LF:12
LH:11
BRF:1
BRH:1
end_of_record
